3.你认为位操作符和移位操作符可以用在什么地方？
优化代码 提高程序执行效率
利于底层开发
精确到bit的操作


例子：
例如一个数 / 2 可写为 数 >> 1，移位操作效率更高
然如果一个数 * 2 定为 数 << 1，但如 / 2 的N次方，则可 数 >> N


/* -------------判断整数x是奇数还是偶数------------- */
/* 1、常规做法：看除以2的余数 */
if (0 == x % 2)
    偶数
else
   奇数

/*2、 使用位运算 */
if (0 == x & 1)
   偶数
else
   奇数

/* -------------把r、g、b混合成32位颜色------------- */
#define MAP_RGB(r, g, b)    (((r) << 16) + ((g) << 8) + (b))

/* -------------从一个32位色中取出r、g、b-------------  */
#define PIXEL_GET_R(pix)    (((pix) & 0xFF0000) >> 16)
#define PIXEL_GET_G(pix)    (((pix) & 0xFF00) >> 8)
#define PIXEL_GET_B(pix)    (((pix) & 0xFF))
